 
****************************************
Report : port
Design : system_top
Version: K-2015.06
Date   : Wed Mar 22 21:12:39 2023
****************************************



Attributes:
    d - dont_touch_network

                       Pin      Wire     Max     Max     Connection
Port           Dir     Load     Load     Trans   Cap     Class      Attrs
--------------------------------------------------------------------------------
UART_clk       in      0.0000   0.0000   --      --      --         d
reference_clk  in      0.0000   0.0000   --      --      --         d
reset          in      0.0000   0.0000   --      --      --         
serial_data_in in      0.0000   0.0000    1.50    0.18   --         
frame_error    out     0.5000   0.0000   --      --      --         
parity_error   out     0.5000   0.0000   --      --      --         
serial_data_out
               out     0.5000   0.0000   --      --      --         

1
