 
****************************************
Report : port
Design : UART_receiver
Version: K-2015.06
Date   : Fri Mar 10 02:02:09 2023
****************************************



Attributes:
    d - dont_touch_network

                       Pin      Wire     Max     Max     Connection
Port           Dir     Load     Load     Trans   Cap     Class      Attrs
--------------------------------------------------------------------------------
clk            in      0.0000   0.0000   --      --      --         d
parity_enable  in      0.0000   0.0000    1.50    0.18   --         
parity_type    in      0.0000   0.0000    1.50    0.18   --         
prescale[0]    in      0.0000   0.0000    1.50    0.18   --         
prescale[1]    in      0.0000   0.0000    1.50    0.18   --         
prescale[2]    in      0.0000   0.0000    1.50    0.18   --         
prescale[3]    in      0.0000   0.0000    1.50    0.18   --         
prescale[4]    in      0.0000   0.0000    1.50    0.18   --         
prescale[5]    in      0.0000   0.0000    1.50    0.18   --         
reset          in      0.0000   0.0000   --      --      --         d
serial_data_in    in      0.0000   0.0000    1.50    0.18   --         
data_valid     out     2.0000   0.0000   --      --      --         
frame_error    out     2.0000   0.0000   --      --      --         
parallel_data[0]
               out     2.0000   0.0000   --      --      --         
parallel_data[1]
               out     2.0000   0.0000   --      --      --         
parallel_data[2]
               out     2.0000   0.0000   --      --      --         
parallel_data[3]
               out     2.0000   0.0000   --      --      --         
parallel_data[4]
               out     2.0000   0.0000   --      --      --         
parallel_data[5]
               out     2.0000   0.0000   --      --      --         
parallel_data[6]
               out     2.0000   0.0000   --      --      --         
parallel_data[7]
               out     2.0000   0.0000   --      --      --         
parity_error   out     2.0000   0.0000   --      --      --         

1
